{
  "stats": {
    "suites": 2,
    "tests": 3,
    "passes": 3,
    "pending": 0,
    "failures": 0,
    "start": "2021-04-09T09:04:53.334Z",
    "end": "2021-04-09T09:05:04.710Z",
    "duration": 11376,
    "testsRegistered": 3,
    "passPercent": 100,
    "pendingPercent": 0,
    "other": 0,
    "hasOther": false,
    "skipped": 0,
    "hasSkipped": false,
    "passPercentClass": "success",
    "pendingPercentClass": "danger"
  },
  "suites": {
    "uuid": "d6d8f823-e93e-4efc-8816-f05f13787645",
    "title": "",
    "fullFile": "",
    "file": "",
    "beforeHooks": [],
    "afterHooks": [],
    "tests": [],
    "suites": [
      {
        "uuid": "5937425f-ac8f-4c52-8707-7310a19c17a2",
        "title": "Google search automated testing",
        "fullFile": "C:\\Users\\ADMIN\\Desktop\\Testing\\selenium-auto-testing\\test\\index.js",
        "file": "\\test\\index.js",
        "beforeHooks": [
          {
            "title": "\"before each\" hook",
            "fullTitle": "Google search automated testing \"before each\" hook",
            "timedOut": false,
            "duration": 1,
            "pass": false,
            "fail": false,
            "pending": false,
            "code": "page = new SearchGoogleTesting(url);",
            "err": {},
            "isRoot": false,
            "uuid": "8612795d-2aba-44cc-b550-efa3d987258d",
            "isHook": true,
            "skipped": false
          }
        ],
        "afterHooks": [
          {
            "title": "\"after each\" hook",
            "fullTitle": "Google search automated testing \"after each\" hook",
            "timedOut": false,
            "duration": 95,
            "pass": false,
            "fail": false,
            "pending": false,
            "code": "await page.quit();",
            "err": {},
            "isRoot": false,
            "uuid": "44d1592b-f66d-4233-9231-3a49c609acd2",
            "isHook": true,
            "skipped": false
          }
        ],
        "tests": [
          {
            "title": "Test number result search google",
            "fullTitle": "Google search automated testing Test number result search google",
            "timedOut": false,
            "duration": 4183,
            "state": "passed",
            "speed": "slow",
            "pass": true,
            "fail": false,
            "pending": false,
            "code": "let result = await page.search(testCase.findText.input);\nexpect(result.length).to.greaterThan(testCase.findText.expected);\nreturn;",
            "err": {},
            "isRoot": false,
            "uuid": "a73a414d-35cb-4530-b1b3-75001feb4bbd",
            "isHook": false,
            "skipped": false
          },
          {
            "title": "Test result findy People",
            "fullTitle": "Google search automated testing Test result findy People",
            "timedOut": false,
            "duration": 4317,
            "state": "passed",
            "speed": "slow",
            "pass": true,
            "fail": false,
            "pending": false,
            "code": "let result = await page.search(testCase.findPeople.input);\nexpect(result.length).to.greaterThan(testCase.findPeople.expected);\nreturn;",
            "err": {},
            "isRoot": false,
            "uuid": "85862c34-c767-4a0a-9303-03c76ff5726b",
            "isHook": false,
            "skipped": false
          }
        ],
        "suites": [],
        "passes": [
          "a73a414d-35cb-4530-b1b3-75001feb4bbd",
          "85862c34-c767-4a0a-9303-03c76ff5726b"
        ],
        "failures": [],
        "pending": [],
        "skipped": [],
        "duration": 8500,
        "root": false,
        "rootEmpty": false,
        "_timeout": 50000
      },
      {
        "uuid": "fc33b4a1-0543-440e-8547-a89e50150527",
        "title": "Login Sach mem",
        "fullFile": "C:\\Users\\ADMIN\\Desktop\\Testing\\selenium-auto-testing\\test\\index.js",
        "file": "\\test\\index.js",
        "beforeHooks": [
          {
            "title": "\"before each\" hook",
            "fullTitle": "Login Sach mem \"before each\" hook",
            "timedOut": false,
            "duration": 0,
            "pass": false,
            "fail": false,
            "pending": false,
            "code": "page = new LoginSachmemTesting(url);",
            "err": {},
            "isRoot": false,
            "uuid": "ce6cefa9-98a8-43ec-b3d1-40960a7bf39c",
            "isHook": true,
            "skipped": false
          }
        ],
        "afterHooks": [
          {
            "title": "\"after each\" hook",
            "fullTitle": "Login Sach mem \"after each\" hook",
            "timedOut": false,
            "duration": 59,
            "pass": false,
            "fail": false,
            "pending": false,
            "code": "await page.quit();",
            "err": {},
            "isRoot": false,
            "uuid": "2172a54a-4390-4401-a72a-495930502b9f",
            "isHook": true,
            "skipped": false
          }
        ],
        "tests": [
          {
            "title": "Login Sach mem",
            "fullTitle": "Login Sach mem Login Sach mem",
            "timedOut": false,
            "duration": 2639,
            "state": "passed",
            "speed": "slow",
            "pass": true,
            "fail": false,
            "pending": false,
            "code": "const result = await page.login(\n  testCase.loginFail.input.username,\n  testCase.loginFail.input.password\n);\nexpect(result).to.equal(true);\nreturn;",
            "err": {},
            "isRoot": false,
            "uuid": "384b04a4-f450-455a-b784-652241f4f6ab",
            "isHook": false,
            "skipped": false
          }
        ],
        "suites": [],
        "passes": [
          "384b04a4-f450-455a-b784-652241f4f6ab"
        ],
        "failures": [],
        "pending": [],
        "skipped": [],
        "duration": 2639,
        "root": false,
        "rootEmpty": false,
        "_timeout": 50000
      }
    ],
    "passes": [],
    "failures": [],
    "pending": [],
    "skipped": [],
    "duration": 0,
    "root": true,
    "rootEmpty": true,
    "_timeout": 2000
  },
  "copyrightYear": 2021
}